2025-12-08 12:46:20,420 INFO: MetaBreak startup [in /Users/kyliemarxen/Desktop/CSC321/Web Application midterm/app.py:59]
2025-12-08 12:47:34,605 INFO: MetaBreak startup [in /Users/kyliemarxen/Desktop/CSC321/Web Application midterm/app.py:59]
2025-12-08 12:51:23,165 INFO: MetaBreak startup [in /Users/kyliemarxen/Desktop/CSC321/Web Application midterm/app.py:59]
2025-12-08 12:51:54,964 INFO: MetaBreak startup [in /Users/kyliemarxen/Desktop/CSC321/Web Application midterm/app.py:59]
2025-12-08 12:52:08,991 INFO: MetaBreak startup [in /Users/kyliemarxen/Desktop/CSC321/Web Application midterm/app.py:59]
2025-12-08 12:55:31,500 INFO: MetaBreak startup [in /Users/kyliemarxen/Desktop/CSC321/Web Application midterm/app.py:59]
2025-12-08 12:56:37,044 INFO: MetaBreak startup [in /Users/kyliemarxen/Desktop/CSC321/Web Application midterm/app.py:59]
2025-12-08 13:02:47,006 INFO: MetaBreak startup [in /Users/kyliemarxen/Desktop/CSC321/Web Application midterm/app.py:66]
2025-12-08 13:06:48,173 INFO: MetaBreak startup [in /Users/kyliemarxen/Desktop/CSC321/Web Application midterm/app.py:66]
2025-12-08 13:13:41,265 INFO: MetaBreak startup [in /Users/kyliemarxen/Desktop/CSC321/Web Application midterm/app.py:69]
2025-12-08 13:19:16,724 INFO: MetaBreak startup [in /Users/kyliemarxen/Desktop/CSC321/Web Application midterm/app.py:78]
2025-12-08 13:25:04,342 INFO: MetaBreak startup [in /Users/kyliemarxen/Desktop/CSC321/Web Application midterm/app.py:78]
2025-12-08 13:38:29,200 INFO: MetaBreak startup [in /Users/kyliemarxen/Desktop/CSC321/Web Application midterm/app.py:79]
2025-12-08 13:39:47,693 INFO: MetaBreak startup [in /Users/kyliemarxen/Desktop/CSC321/Web Application midterm/app.py:79]
2025-12-08 13:44:18,828 INFO: MetaBreak startup [in /Users/kyliemarxen/Desktop/CSC321/Web Application midterm/app.py:79]
2025-12-08 13:47:12,023 INFO: MetaBreak startup [in /Users/kyliemarxen/Desktop/CSC321/Web Application midterm/app.py:78]
2025-12-08 14:11:59,618 INFO: MetaBreak startup [in /Users/kyliemarxen/Desktop/CSC321/Web Application midterm/app.py:78]
2025-12-08 14:15:45,054 INFO: New user registered: KylieMarxen [in /Users/kyliemarxen/Desktop/CSC321/Web Application midterm/app.py:310]
2025-12-08 14:22:04,589 INFO: New review created: 1 by user 2 [in /Users/kyliemarxen/Desktop/CSC321/Web Application midterm/app.py:495]
2025-12-08 14:26:36,397 INFO: User logged in: KylieMarxen [in /Users/kyliemarxen/Desktop/CSC321/Web Application midterm/app.py:340]
2025-12-08 14:26:53,658 INFO: User logged in: admin [in /Users/kyliemarxen/Desktop/CSC321/Web Application midterm/app.py:340]
2025-12-08 14:27:23,553 INFO: User logged in: KylieMarxen [in /Users/kyliemarxen/Desktop/CSC321/Web Application midterm/app.py:340]
2025-12-08 14:31:08,026 INFO: New comment created: 1 by user 2 [in /Users/kyliemarxen/Desktop/CSC321/Web Application midterm/app.py:668]
2025-12-08 14:36:33,011 INFO: MetaBreak startup [in /Users/kyliemarxen/Desktop/CSC321/Web Application midterm/app.py:78]
2025-12-08 14:37:10,018 INFO: MetaBreak startup [in /Users/kyliemarxen/Desktop/CSC321/Web Application midterm/app.py:78]
2025-12-08 14:38:45,752 INFO: User logged in: KylieMarxen [in /Users/kyliemarxen/Desktop/CSC321/Web Application midterm/app.py:340]
2025-12-08 14:49:37,083 ERROR: Unhandled exception: 405 Method Not Allowed: The method is not allowed for the requested URL. [in /Users/kyliemarxen/Desktop/CSC321/Web Application midterm/app.py:272]
2025-12-08 14:49:37,879 ERROR: Unhandled exception: 405 Method Not Allowed: The method is not allowed for the requested URL. [in /Users/kyliemarxen/Desktop/CSC321/Web Application midterm/app.py:272]
